<?xml version="1.0" encoding="UTF-8"?>
<testsuite name="compra_realizada.CompraPrendaTest" tests="1" skipped="0" failures="0" errors="0" timestamp="2023-11-29T00:05:48" hostname="martincdia-pc" time="27.183">
  <properties/>
  <testcase name="compraRealizada" classname="compra_realizada.CompraPrendaTest" time="27.183"/>
  <system-out><![CDATA[]]></system-out>
  <system-err><![CDATA[]]></system-err>
</testsuite>
